{"D:\\Lections_Exadel\\JS2022Feb\\nodeApp\\app.js": {"path":"D:\\Lections_Exadel\\JS2022Feb\\nodeApp\\app.js","statementMap":{"0":{"start":{"line":19,"column":0},"end":{"line":19,"column":9}},"1":{"start":{"line":21,"column":12},"end":{"line":21,"column":21}},"2":{"start":{"line":23,"column":0},"end":{"line":23,"column":16}},"3":{"start":{"line":24,"column":0},"end":{"line":24,"column":24}},"4":{"start":{"line":25,"column":0},"end":{"line":25,"column":48}},"5":{"start":{"line":26,"column":0},"end":{"line":26,"column":31}},"6":{"start":{"line":28,"column":13},"end":{"line":31,"column":1}},"7":{"start":{"line":33,"column":0},"end":{"line":33,"column":69}},"8":{"start":{"line":35,"column":0},"end":{"line":35,"column":46}},"9":{"start":{"line":36,"column":13},"end":{"line":36,"column":61}},"10":{"start":{"line":37,"column":0},"end":{"line":37,"column":49}},"11":{"start":{"line":38,"column":0},"end":{"line":38,"column":31}},"12":{"start":{"line":39,"column":0},"end":{"line":39,"column":43}},"13":{"start":{"line":40,"column":0},"end":{"line":40,"column":39}},"14":{"start":{"line":41,"column":0},"end":{"line":41,"column":41}},"15":{"start":{"line":42,"column":0},"end":{"line":42,"column":64}}},"fnMap":{},"branchMap":{},"s":{"0":1,"1":1,"2":1,"3":1,"4":1,"5":1,"6":1,"7":1,"8":1,"9":1,"10":1,"11":1,"12":1,"13":1,"14":1,"15":1},"f":{},"b":{},"_coverageSchema":"1a1c01bbd47fc00a2c39e90264f33305004495a9","hash":"ce80acad9890f118d4b9a83d4385247167ae3943"}
,"D:\\Lections_Exadel\\JS2022Feb\\nodeApp\\guards.js": {"path":"D:\\Lections_Exadel\\JS2022Feb\\nodeApp\\guards.js","statementMap":{"0":{"start":{"line":3,"column":19},"end":{"line":11,"column":1}},"1":{"start":{"line":4,"column":15},"end":{"line":4,"column":60}},"2":{"start":{"line":6,"column":2},"end":{"line":10,"column":3}},"3":{"start":{"line":7,"column":4},"end":{"line":7,"column":11}},"4":{"start":{"line":9,"column":4},"end":{"line":9,"column":51}}},"fnMap":{"0":{"name":"(anonymous_0)","decl":{"start":{"line":3,"column":19},"end":{"line":3,"column":20}},"loc":{"start":{"line":3,"column":45},"end":{"line":11,"column":1}},"line":3}},"branchMap":{"0":{"loc":{"start":{"line":6,"column":2},"end":{"line":10,"column":3}},"type":"if","locations":[{"start":{"line":6,"column":2},"end":{"line":10,"column":3}},{"start":{"line":8,"column":9},"end":{"line":10,"column":3}}],"line":6},"1":{"loc":{"start":{"line":6,"column":6},"end":{"line":6,"column":49}},"type":"binary-expr","locations":[{"start":{"line":6,"column":6},"end":{"line":6,"column":10}},{"start":{"line":6,"column":14},"end":{"line":6,"column":49}}],"line":6}},"s":{"0":1,"1":4,"2":4,"3":4,"4":0},"f":{"0":4},"b":{"0":[4,0],"1":[4,4]},"_coverageSchema":"1a1c01bbd47fc00a2c39e90264f33305004495a9","hash":"8f02eb9d0ad748b6617e08c6636ae4674a4a6bea"}
,"D:\\Lections_Exadel\\JS2022Feb\\nodeApp\\passport.js": {"path":"D:\\Lections_Exadel\\JS2022Feb\\nodeApp\\passport.js","statementMap":{"0":{"start":{"line":3,"column":20},"end":{"line":9,"column":1}},"1":{"start":{"line":4,"column":15},"end":{"line":4,"column":61}},"2":{"start":{"line":5,"column":2},"end":{"line":7,"column":3}},"3":{"start":{"line":6,"column":4},"end":{"line":6,"column":28}},"4":{"start":{"line":8,"column":2},"end":{"line":8,"column":27}}},"fnMap":{"0":{"name":"(anonymous_0)","decl":{"start":{"line":3,"column":20},"end":{"line":3,"column":21}},"loc":{"start":{"line":3,"column":49},"end":{"line":9,"column":1}},"line":3}},"branchMap":{"0":{"loc":{"start":{"line":5,"column":2},"end":{"line":7,"column":3}},"type":"if","locations":[{"start":{"line":5,"column":2},"end":{"line":7,"column":3}},{"start":{},"end":{}}],"line":5}},"s":{"0":1,"1":4,"2":4,"3":4,"4":0},"f":{"0":4},"b":{"0":[4,0]},"_coverageSchema":"1a1c01bbd47fc00a2c39e90264f33305004495a9","hash":"dd2625ab16d3b42eebe7dcc048336cd71beb90be"}
,"D:\\Lections_Exadel\\JS2022Feb\\nodeApp\\controllers\\accounts.js": {"path":"D:\\Lections_Exadel\\JS2022Feb\\nodeApp\\controllers\\accounts.js","statementMap":{"0":{"start":{"line":4,"column":2},"end":{"line":4,"column":23}},"1":{"start":{"line":5,"column":2},"end":{"line":5,"column":55}},"2":{"start":{"line":9,"column":14},"end":{"line":9,"column":27}},"3":{"start":{"line":10,"column":2},"end":{"line":12,"column":3}},"4":{"start":{"line":11,"column":4},"end":{"line":11,"column":57}},"5":{"start":{"line":13,"column":2},"end":{"line":13,"column":24}},"6":{"start":{"line":14,"column":2},"end":{"line":14,"column":54}},"7":{"start":{"line":18,"column":14},"end":{"line":18,"column":27}},"8":{"start":{"line":19,"column":2},"end":{"line":21,"column":3}},"9":{"start":{"line":20,"column":4},"end":{"line":20,"column":57}},"10":{"start":{"line":22,"column":2},"end":{"line":22,"column":23}},"11":{"start":{"line":26,"column":14},"end":{"line":26,"column":27}},"12":{"start":{"line":27,"column":2},"end":{"line":29,"column":3}},"13":{"start":{"line":28,"column":4},"end":{"line":28,"column":57}},"14":{"start":{"line":30,"column":2},"end":{"line":30,"column":22}},"15":{"start":{"line":31,"column":2},"end":{"line":31,"column":55}}},"fnMap":{"0":{"name":"addAccount","decl":{"start":{"line":3,"column":9},"end":{"line":3,"column":19}},"loc":{"start":{"line":3,"column":30},"end":{"line":6,"column":1}},"line":3},"1":{"name":"editAccount","decl":{"start":{"line":8,"column":9},"end":{"line":8,"column":20}},"loc":{"start":{"line":8,"column":31},"end":{"line":15,"column":1}},"line":8},"2":{"name":"getAccount","decl":{"start":{"line":17,"column":9},"end":{"line":17,"column":19}},"loc":{"start":{"line":17,"column":30},"end":{"line":23,"column":1}},"line":17},"3":{"name":"deleteAccount","decl":{"start":{"line":25,"column":9},"end":{"line":25,"column":22}},"loc":{"start":{"line":25,"column":33},"end":{"line":32,"column":1}},"line":25}},"branchMap":{"0":{"loc":{"start":{"line":10,"column":2},"end":{"line":12,"column":3}},"type":"if","locations":[{"start":{"line":10,"column":2},"end":{"line":12,"column":3}},{"start":{},"end":{}}],"line":10},"1":{"loc":{"start":{"line":10,"column":6},"end":{"line":10,"column":65}},"type":"binary-expr","locations":[{"start":{"line":10,"column":6},"end":{"line":10,"column":29}},{"start":{"line":10,"column":33},"end":{"line":10,"column":65}}],"line":10},"2":{"loc":{"start":{"line":19,"column":2},"end":{"line":21,"column":3}},"type":"if","locations":[{"start":{"line":19,"column":2},"end":{"line":21,"column":3}},{"start":{},"end":{}}],"line":19},"3":{"loc":{"start":{"line":19,"column":6},"end":{"line":19,"column":65}},"type":"binary-expr","locations":[{"start":{"line":19,"column":6},"end":{"line":19,"column":29}},{"start":{"line":19,"column":33},"end":{"line":19,"column":65}}],"line":19},"4":{"loc":{"start":{"line":27,"column":2},"end":{"line":29,"column":3}},"type":"if","locations":[{"start":{"line":27,"column":2},"end":{"line":29,"column":3}},{"start":{},"end":{}}],"line":27},"5":{"loc":{"start":{"line":27,"column":6},"end":{"line":27,"column":65}},"type":"binary-expr","locations":[{"start":{"line":27,"column":6},"end":{"line":27,"column":29}},{"start":{"line":27,"column":33},"end":{"line":27,"column":65}}],"line":27}},"s":{"0":0,"1":0,"2":0,"3":0,"4":0,"5":0,"6":0,"7":0,"8":0,"9":0,"10":0,"11":0,"12":0,"13":0,"14":0,"15":0},"f":{"0":0,"1":0,"2":0,"3":0},"b":{"0":[0,0],"1":[0,0],"2":[0,0],"3":[0,0],"4":[0,0],"5":[0,0]},"_coverageSchema":"1a1c01bbd47fc00a2c39e90264f33305004495a9","hash":"b86c5fa804087084ad424f093dc0d6cd50fada41"}
,"D:\\Lections_Exadel\\JS2022Feb\\nodeApp\\controllers\\login.js": {"path":"D:\\Lections_Exadel\\JS2022Feb\\nodeApp\\controllers\\login.js","statementMap":{"0":{"start":{"line":5,"column":18},"end":{"line":30,"column":1}},"1":{"start":{"line":6,"column":15},"end":{"line":6,"column":60}},"2":{"start":{"line":7,"column":2},"end":{"line":29,"column":3}},"3":{"start":{"line":8,"column":20},"end":{"line":12,"column":5}},"4":{"start":{"line":14,"column":18},"end":{"line":18,"column":5}},"5":{"start":{"line":20,"column":4},"end":{"line":26,"column":7}},"6":{"start":{"line":28,"column":4},"end":{"line":28,"column":61}}},"fnMap":{"0":{"name":"(anonymous_0)","decl":{"start":{"line":5,"column":18},"end":{"line":5,"column":19}},"loc":{"start":{"line":5,"column":38},"end":{"line":30,"column":1}},"line":5}},"branchMap":{"0":{"loc":{"start":{"line":7,"column":2},"end":{"line":29,"column":3}},"type":"if","locations":[{"start":{"line":7,"column":2},"end":{"line":29,"column":3}},{"start":{"line":27,"column":9},"end":{"line":29,"column":3}}],"line":7},"1":{"loc":{"start":{"line":7,"column":6},"end":{"line":7,"column":66}},"type":"binary-expr","locations":[{"start":{"line":7,"column":6},"end":{"line":7,"column":10}},{"start":{"line":7,"column":14},"end":{"line":7,"column":66}}],"line":7}},"s":{"0":1,"1":0,"2":0,"3":0,"4":0,"5":0,"6":0},"f":{"0":0},"b":{"0":[0,0],"1":[0,0]},"_coverageSchema":"1a1c01bbd47fc00a2c39e90264f33305004495a9","hash":"ecf6f865e851b463ce89d748b4fd7d5692534d7d"}
,"D:\\Lections_Exadel\\JS2022Feb\\nodeApp\\controllers\\users.js": {"path":"D:\\Lections_Exadel\\JS2022Feb\\nodeApp\\controllers\\users.js","statementMap":{"0":{"start":{"line":4,"column":22},"end":{"line":9,"column":1}},"1":{"start":{"line":5,"column":18},"end":{"line":5,"column":64}},"2":{"start":{"line":6,"column":2},"end":{"line":8,"column":19}},"3":{"start":{"line":7,"column":6},"end":{"line":7,"column":51}},"4":{"start":{"line":12,"column":2},"end":{"line":19,"column":3}},"5":{"start":{"line":13,"column":23},"end":{"line":13,"column":31}},"6":{"start":{"line":14,"column":4},"end":{"line":14,"column":51}},"7":{"start":{"line":15,"column":17},"end":{"line":15,"column":46}},"8":{"start":{"line":16,"column":4},"end":{"line":16,"column":54}},"9":{"start":{"line":18,"column":4},"end":{"line":18,"column":30}},"10":{"start":{"line":23,"column":2},"end":{"line":31,"column":3}},"11":{"start":{"line":24,"column":17},"end":{"line":27,"column":5}},"12":{"start":{"line":28,"column":4},"end":{"line":28,"column":53}},"13":{"start":{"line":30,"column":4},"end":{"line":30,"column":30}},"14":{"start":{"line":35,"column":13},"end":{"line":35,"column":40}},"15":{"start":{"line":36,"column":15},"end":{"line":36,"column":46}},"16":{"start":{"line":37,"column":2},"end":{"line":37,"column":29}},"17":{"start":{"line":41,"column":2},"end":{"line":48,"column":3}},"18":{"start":{"line":42,"column":17},"end":{"line":44,"column":5}},"19":{"start":{"line":45,"column":4},"end":{"line":45,"column":54}},"20":{"start":{"line":47,"column":4},"end":{"line":47,"column":30}}},"fnMap":{"0":{"name":"(anonymous_0)","decl":{"start":{"line":4,"column":22},"end":{"line":4,"column":23}},"loc":{"start":{"line":4,"column":34},"end":{"line":9,"column":1}},"line":4},"1":{"name":"(anonymous_1)","decl":{"start":{"line":6,"column":56},"end":{"line":6,"column":57}},"loc":{"start":{"line":6,"column":67},"end":{"line":8,"column":3}},"line":6},"2":{"name":"addUser","decl":{"start":{"line":11,"column":15},"end":{"line":11,"column":22}},"loc":{"start":{"line":11,"column":33},"end":{"line":20,"column":1}},"line":11},"3":{"name":"editUser","decl":{"start":{"line":22,"column":15},"end":{"line":22,"column":23}},"loc":{"start":{"line":22,"column":34},"end":{"line":32,"column":1}},"line":22},"4":{"name":"getUser","decl":{"start":{"line":34,"column":15},"end":{"line":34,"column":22}},"loc":{"start":{"line":34,"column":33},"end":{"line":38,"column":1}},"line":34},"5":{"name":"deleteUser","decl":{"start":{"line":40,"column":15},"end":{"line":40,"column":25}},"loc":{"start":{"line":40,"column":36},"end":{"line":49,"column":1}},"line":40}},"branchMap":{},"s":{"0":1,"1":2,"2":2,"3":32,"4":1,"5":1,"6":1,"7":1,"8":1,"9":0,"10":1,"11":1,"12":1,"13":0,"14":1,"15":1,"16":1,"17":1,"18":1,"19":1,"20":0},"f":{"0":2,"1":32,"2":1,"3":1,"4":1,"5":1},"b":{},"_coverageSchema":"1a1c01bbd47fc00a2c39e90264f33305004495a9","hash":"700b5aad59234db51dd1f493851671ae7154e7e5"}
,"D:\\Lections_Exadel\\JS2022Feb\\nodeApp\\models\\users.js": {"path":"D:\\Lections_Exadel\\JS2022Feb\\nodeApp\\models\\users.js","statementMap":{"0":{"start":{"line":4,"column":19},"end":{"line":16,"column":2}},"1":{"start":{"line":18,"column":0},"end":{"line":20,"column":2}},"2":{"start":{"line":19,"column":2},"end":{"line":19,"column":62}}},"fnMap":{"0":{"name":"(anonymous_0)","decl":{"start":{"line":18,"column":33},"end":{"line":18,"column":34}},"loc":{"start":{"line":18,"column":50},"end":{"line":20,"column":1}},"line":18}},"branchMap":{},"s":{"0":1,"1":1,"2":0},"f":{"0":0},"b":{},"_coverageSchema":"1a1c01bbd47fc00a2c39e90264f33305004495a9","hash":"0333ae4ad310024665e8e3be80d0436b63bd28c7"}
,"D:\\Lections_Exadel\\JS2022Feb\\nodeApp\\routes\\accounts.js": {"path":"D:\\Lections_Exadel\\JS2022Feb\\nodeApp\\routes\\accounts.js","statementMap":{"0":{"start":{"line":6,"column":15},"end":{"line":6,"column":31}},"1":{"start":{"line":8,"column":0},"end":{"line":8,"column":29}},"2":{"start":{"line":10,"column":0},"end":{"line":10,"column":32}},"3":{"start":{"line":12,"column":0},"end":{"line":12,"column":31}},"4":{"start":{"line":14,"column":0},"end":{"line":14,"column":37}}},"fnMap":{},"branchMap":{},"s":{"0":1,"1":1,"2":1,"3":1,"4":1},"f":{},"b":{},"_coverageSchema":"1a1c01bbd47fc00a2c39e90264f33305004495a9","hash":"da791c84f5116a5a37caabe49dbdf9d956755e3a"}
,"D:\\Lections_Exadel\\JS2022Feb\\nodeApp\\routes\\expense.js": {"path":"D:\\Lections_Exadel\\JS2022Feb\\nodeApp\\routes\\expense.js","statementMap":{"0":{"start":{"line":3,"column":15},"end":{"line":3,"column":31}},"1":{"start":{"line":5,"column":0},"end":{"line":7,"column":3}},"2":{"start":{"line":6,"column":2},"end":{"line":6,"column":30}},"3":{"start":{"line":9,"column":0},"end":{"line":11,"column":3}},"4":{"start":{"line":10,"column":2},"end":{"line":10,"column":29}},"5":{"start":{"line":13,"column":0},"end":{"line":15,"column":3}},"6":{"start":{"line":14,"column":2},"end":{"line":14,"column":29}},"7":{"start":{"line":17,"column":0},"end":{"line":19,"column":3}},"8":{"start":{"line":18,"column":2},"end":{"line":18,"column":30}}},"fnMap":{"0":{"name":"(anonymous_0)","decl":{"start":{"line":5,"column":17},"end":{"line":5,"column":18}},"loc":{"start":{"line":5,"column":31},"end":{"line":7,"column":1}},"line":5},"1":{"name":"(anonymous_1)","decl":{"start":{"line":9,"column":16},"end":{"line":9,"column":17}},"loc":{"start":{"line":9,"column":30},"end":{"line":11,"column":1}},"line":9},"2":{"name":"(anonymous_2)","decl":{"start":{"line":13,"column":16},"end":{"line":13,"column":17}},"loc":{"start":{"line":13,"column":30},"end":{"line":15,"column":1}},"line":13},"3":{"name":"(anonymous_3)","decl":{"start":{"line":17,"column":19},"end":{"line":17,"column":20}},"loc":{"start":{"line":17,"column":33},"end":{"line":19,"column":1}},"line":17}},"branchMap":{},"s":{"0":1,"1":1,"2":0,"3":1,"4":0,"5":1,"6":0,"7":1,"8":0},"f":{"0":0,"1":0,"2":0,"3":0},"b":{},"_coverageSchema":"1a1c01bbd47fc00a2c39e90264f33305004495a9","hash":"bb614750e2d67afaf99199d04e2799651f2ebca1"}
,"D:\\Lections_Exadel\\JS2022Feb\\nodeApp\\routes\\expenses.categories.js": {"path":"D:\\Lections_Exadel\\JS2022Feb\\nodeApp\\routes\\expenses.categories.js","statementMap":{"0":{"start":{"line":3,"column":15},"end":{"line":3,"column":31}},"1":{"start":{"line":5,"column":0},"end":{"line":7,"column":3}},"2":{"start":{"line":6,"column":2},"end":{"line":6,"column":31}},"3":{"start":{"line":9,"column":0},"end":{"line":11,"column":3}},"4":{"start":{"line":10,"column":2},"end":{"line":10,"column":30}},"5":{"start":{"line":13,"column":0},"end":{"line":15,"column":3}},"6":{"start":{"line":14,"column":2},"end":{"line":14,"column":30}},"7":{"start":{"line":17,"column":0},"end":{"line":19,"column":3}},"8":{"start":{"line":18,"column":2},"end":{"line":18,"column":31}}},"fnMap":{"0":{"name":"(anonymous_0)","decl":{"start":{"line":5,"column":17},"end":{"line":5,"column":18}},"loc":{"start":{"line":5,"column":31},"end":{"line":7,"column":1}},"line":5},"1":{"name":"(anonymous_1)","decl":{"start":{"line":9,"column":16},"end":{"line":9,"column":17}},"loc":{"start":{"line":9,"column":30},"end":{"line":11,"column":1}},"line":9},"2":{"name":"(anonymous_2)","decl":{"start":{"line":13,"column":16},"end":{"line":13,"column":17}},"loc":{"start":{"line":13,"column":30},"end":{"line":15,"column":1}},"line":13},"3":{"name":"(anonymous_3)","decl":{"start":{"line":17,"column":19},"end":{"line":17,"column":20}},"loc":{"start":{"line":17,"column":33},"end":{"line":19,"column":1}},"line":17}},"branchMap":{},"s":{"0":1,"1":1,"2":0,"3":1,"4":0,"5":1,"6":0,"7":1,"8":0},"f":{"0":0,"1":0,"2":0,"3":0},"b":{},"_coverageSchema":"1a1c01bbd47fc00a2c39e90264f33305004495a9","hash":"7a7a5bf4b7b1a414c737be836640ebaee908c1b0"}
,"D:\\Lections_Exadel\\JS2022Feb\\nodeApp\\routes\\income.js": {"path":"D:\\Lections_Exadel\\JS2022Feb\\nodeApp\\routes\\income.js","statementMap":{"0":{"start":{"line":3,"column":15},"end":{"line":3,"column":31}},"1":{"start":{"line":5,"column":0},"end":{"line":7,"column":3}},"2":{"start":{"line":6,"column":2},"end":{"line":6,"column":29}},"3":{"start":{"line":9,"column":0},"end":{"line":11,"column":3}},"4":{"start":{"line":10,"column":2},"end":{"line":10,"column":28}},"5":{"start":{"line":13,"column":0},"end":{"line":15,"column":3}},"6":{"start":{"line":14,"column":2},"end":{"line":14,"column":28}},"7":{"start":{"line":17,"column":0},"end":{"line":19,"column":3}},"8":{"start":{"line":18,"column":2},"end":{"line":18,"column":29}}},"fnMap":{"0":{"name":"(anonymous_0)","decl":{"start":{"line":5,"column":17},"end":{"line":5,"column":18}},"loc":{"start":{"line":5,"column":31},"end":{"line":7,"column":1}},"line":5},"1":{"name":"(anonymous_1)","decl":{"start":{"line":9,"column":16},"end":{"line":9,"column":17}},"loc":{"start":{"line":9,"column":30},"end":{"line":11,"column":1}},"line":9},"2":{"name":"(anonymous_2)","decl":{"start":{"line":13,"column":16},"end":{"line":13,"column":17}},"loc":{"start":{"line":13,"column":30},"end":{"line":15,"column":1}},"line":13},"3":{"name":"(anonymous_3)","decl":{"start":{"line":17,"column":19},"end":{"line":17,"column":20}},"loc":{"start":{"line":17,"column":33},"end":{"line":19,"column":1}},"line":17}},"branchMap":{},"s":{"0":1,"1":1,"2":0,"3":1,"4":0,"5":1,"6":0,"7":1,"8":0},"f":{"0":0,"1":0,"2":0,"3":0},"b":{},"_coverageSchema":"1a1c01bbd47fc00a2c39e90264f33305004495a9","hash":"538064e865d26d9eaddde306d9d9b6f7ba3b46ce"}
,"D:\\Lections_Exadel\\JS2022Feb\\nodeApp\\routes\\login.js": {"path":"D:\\Lections_Exadel\\JS2022Feb\\nodeApp\\routes\\login.js","statementMap":{"0":{"start":{"line":4,"column":15},"end":{"line":4,"column":31}},"1":{"start":{"line":6,"column":0},"end":{"line":6,"column":28}}},"fnMap":{},"branchMap":{},"s":{"0":1,"1":1},"f":{},"b":{},"_coverageSchema":"1a1c01bbd47fc00a2c39e90264f33305004495a9","hash":"1497a3b3a0a6dbe0db1769e7c1042994157fb596"}
,"D:\\Lections_Exadel\\JS2022Feb\\nodeApp\\routes\\users.js": {"path":"D:\\Lections_Exadel\\JS2022Feb\\nodeApp\\routes\\users.js","statementMap":{"0":{"start":{"line":6,"column":15},"end":{"line":6,"column":31}},"1":{"start":{"line":8,"column":0},"end":{"line":8,"column":26}},"2":{"start":{"line":10,"column":0},"end":{"line":10,"column":29}},"3":{"start":{"line":12,"column":0},"end":{"line":12,"column":28}},"4":{"start":{"line":14,"column":0},"end":{"line":14,"column":34}}},"fnMap":{},"branchMap":{},"s":{"0":1,"1":1,"2":1,"3":1,"4":1},"f":{},"b":{},"_coverageSchema":"1a1c01bbd47fc00a2c39e90264f33305004495a9","hash":"2926359d73ec625fa4d47c4996517d082665cc48"}
}
