TN:
SF:app.js
FNF:0
FNH:0
DA:19,1
DA:21,1
DA:23,1
DA:24,1
DA:25,1
DA:26,1
DA:28,1
DA:33,1
DA:35,1
DA:36,1
DA:37,1
DA:38,1
DA:39,1
DA:40,1
DA:41,1
DA:42,1
LF:16
LH:16
BRF:0
BRH:0
end_of_record
TN:
SF:guards.js
FN:3,(anonymous_0)
FNF:1
FNH:1
FNDA:4,(anonymous_0)
DA:3,1
DA:4,4
DA:6,4
DA:7,4
DA:9,0
LF:5
LH:4
BRDA:6,0,0,4
BRDA:6,0,1,0
BRDA:6,1,0,4
BRDA:6,1,1,4
BRF:4
BRH:3
end_of_record
TN:
SF:passport.js
FN:3,(anonymous_0)
FNF:1
FNH:1
FNDA:4,(anonymous_0)
DA:3,1
DA:4,4
DA:5,4
DA:6,4
DA:8,0
LF:5
LH:4
BRDA:5,0,0,4
BRDA:5,0,1,0
BRF:2
BRH:1
end_of_record
TN:
SF:controllers\accounts.js
FN:3,addAccount
FN:8,editAccount
FN:17,getAccount
FN:25,deleteAccount
FNF:4
FNH:0
FNDA:0,addAccount
FNDA:0,editAccount
FNDA:0,getAccount
FNDA:0,deleteAccount
DA:4,0
DA:5,0
DA:9,0
DA:10,0
DA:11,0
DA:13,0
DA:14,0
DA:18,0
DA:19,0
DA:20,0
DA:22,0
DA:26,0
DA:27,0
DA:28,0
DA:30,0
DA:31,0
LF:16
LH:0
BRDA:10,0,0,0
BRDA:10,0,1,0
BRDA:10,1,0,0
BRDA:10,1,1,0
BRDA:19,2,0,0
BRDA:19,2,1,0
BRDA:19,3,0,0
BRDA:19,3,1,0
BRDA:27,4,0,0
BRDA:27,4,1,0
BRDA:27,5,0,0
BRDA:27,5,1,0
BRF:12
BRH:0
end_of_record
TN:
SF:controllers\login.js
FN:5,(anonymous_0)
FNF:1
FNH:0
FNDA:0,(anonymous_0)
DA:5,1
DA:6,0
DA:7,0
DA:8,0
DA:14,0
DA:20,0
DA:28,0
LF:7
LH:1
BRDA:7,0,0,0
BRDA:7,0,1,0
BRDA:7,1,0,0
BRDA:7,1,1,0
BRF:4
BRH:0
end_of_record
TN:
SF:controllers\users.js
FN:4,(anonymous_0)
FN:6,(anonymous_1)
FN:11,addUser
FN:22,editUser
FN:34,getUser
FN:40,deleteUser
FNF:6
FNH:6
FNDA:2,(anonymous_0)
FNDA:32,(anonymous_1)
FNDA:1,addUser
FNDA:1,editUser
FNDA:1,getUser
FNDA:1,deleteUser
DA:4,1
DA:5,2
DA:6,2
DA:7,32
DA:12,1
DA:13,1
DA:14,1
DA:15,1
DA:16,1
DA:18,0
DA:23,1
DA:24,1
DA:28,1
DA:30,0
DA:35,1
DA:36,1
DA:37,1
DA:41,1
DA:42,1
DA:45,1
DA:47,0
LF:21
LH:18
BRF:0
BRH:0
end_of_record
TN:
SF:models\users.js
FN:18,(anonymous_0)
FNF:1
FNH:0
FNDA:0,(anonymous_0)
DA:4,1
DA:18,1
DA:19,0
LF:3
LH:2
BRF:0
BRH:0
end_of_record
TN:
SF:routes\accounts.js
FNF:0
FNH:0
DA:6,1
DA:8,1
DA:10,1
DA:12,1
DA:14,1
LF:5
LH:5
BRF:0
BRH:0
end_of_record
TN:
SF:routes\expense.js
FN:5,(anonymous_0)
FN:9,(anonymous_1)
FN:13,(anonymous_2)
FN:17,(anonymous_3)
FNF:4
FNH:0
FNDA:0,(anonymous_0)
FNDA:0,(anonymous_1)
FNDA:0,(anonymous_2)
FNDA:0,(anonymous_3)
DA:3,1
DA:5,1
DA:6,0
DA:9,1
DA:10,0
DA:13,1
DA:14,0
DA:17,1
DA:18,0
LF:9
LH:5
BRF:0
BRH:0
end_of_record
TN:
SF:routes\expenses.categories.js
FN:5,(anonymous_0)
FN:9,(anonymous_1)
FN:13,(anonymous_2)
FN:17,(anonymous_3)
FNF:4
FNH:0
FNDA:0,(anonymous_0)
FNDA:0,(anonymous_1)
FNDA:0,(anonymous_2)
FNDA:0,(anonymous_3)
DA:3,1
DA:5,1
DA:6,0
DA:9,1
DA:10,0
DA:13,1
DA:14,0
DA:17,1
DA:18,0
LF:9
LH:5
BRF:0
BRH:0
end_of_record
TN:
SF:routes\income.js
FN:5,(anonymous_0)
FN:9,(anonymous_1)
FN:13,(anonymous_2)
FN:17,(anonymous_3)
FNF:4
FNH:0
FNDA:0,(anonymous_0)
FNDA:0,(anonymous_1)
FNDA:0,(anonymous_2)
FNDA:0,(anonymous_3)
DA:3,1
DA:5,1
DA:6,0
DA:9,1
DA:10,0
DA:13,1
DA:14,0
DA:17,1
DA:18,0
LF:9
LH:5
BRF:0
BRH:0
end_of_record
TN:
SF:routes\login.js
FNF:0
FNH:0
DA:4,1
DA:6,1
LF:2
LH:2
BRF:0
BRH:0
end_of_record
TN:
SF:routes\users.js
FNF:0
FNH:0
DA:6,1
DA:8,1
DA:10,1
DA:12,1
DA:14,1
LF:5
LH:5
BRF:0
BRH:0
end_of_record
